# JRE version: OpenJDK Runtime Environment Temurin-21.0.10+7 (21.0.10+7) (build 21.0.10+7-LTS)
# Java VM: OpenJDK 64-Bit Server VM Temurin-21.0.10+7 (21.0.10+7-LTS, mixed mode, sharing, tiered, compressed oops, compressed class ptrs, g1 gc, windows-amd64)
GC Precious Log:
 CardTable entry size: 512
 Card Set container configuration: InlinePtr #cards 5 size 8 Array Of Cards #cards 12 size 40 Howl #buckets 4 coarsen threshold 1843 Howl Bitmap #cards 512 size 80 coarsen threshold 460 Card regions per heap region 1 cards per card region 2048
 CPUs: 8 total, 8 available
 Memory: 24314M
 Large Page Support: Disabled
 NUMA Support: Disabled
 Compressed Oops: Enabled (32-bit)
 Heap Region Size: 1M
 Heap Min Capacity: 8M
 Heap Initial Capacity: 380M
 Heap Max Capacity: 2G
 Pre-touch: Disabled
 Parallel Workers: 8
 Concurrent Workers: 2
 Concurrent Refinement Workers: 8
 Periodic GC: Disabled
Heap:
 garbage-first heap   total 182272K, used 116361K [0x0000000080000000, 0x0000000100000000)
  region size 1024K, 34 young (34816K), 7 survivors (7168K)
 Metaspace       used 92608K, committed 94848K, reserved 1179648K
  class space    used 13199K, committed 14336K, reserved 1048576K
GC Heap History (20 events):
Event: 15.854 GC heap before
{Heap before GC invocations=19 (full 0):
 garbage-first heap   total 86016K, used 74663K [0x0000000080000000, 0x0000000100000000)
  region size 1024K, 29 young (29696K), 4 survivors (4096K)
 Metaspace       used 55630K, committed 57344K, reserved 1114112K
  class space    used 8060K, committed 8896K, reserved 1048576K
}
Event: 15.858 GC heap after
{Heap after GC invocations=20 (full 0):
 garbage-first heap   total 86016K, used 50688K [0x0000000080000000, 0x0000000100000000)
  region size 1024K, 3 young (3072K), 3 survivors (3072K)
 Metaspace       used 55630K, committed 57344K, reserved 1114112K
  class space    used 8060K, committed 8896K, reserved 1048576K
}
Event: 16.060 GC heap before
{Heap before GC invocations=21 (full 0):
 garbage-first heap   total 86016K, used 75264K [0x0000000080000000, 0x0000000100000000)
  region size 1024K, 28 young (28672K), 3 survivors (3072K)
 Metaspace       used 55665K, committed 57344K, reserved 1114112K
  class space    used 8060K, committed 8896K, reserved 1048576K
}
Event: 16.064 GC heap after
{Heap after GC invocations=22 (full 0):
 garbage-first heap   total 86016K, used 51297K [0x0000000080000000, 0x0000000100000000)
  region size 1024K, 3 young (3072K), 3 survivors (3072K)
 Metaspace       used 55665K, committed 57344K, reserved 1114112K
  class space    used 8060K, committed 8896K, reserved 1048576K
}
Event: 16.200 GC heap before
{Heap before GC invocations=22 (full 0):
 garbage-first heap   total 86016K, used 75873K [0x0000000080000000, 0x0000000100000000)
  region size 1024K, 27 young (27648K), 3 survivors (3072K)
 Metaspace       used 55672K, committed 57408K, reserved 1114112K
  class space    used 8061K, committed 8896K, reserved 1048576K
}
Event: 16.203 GC heap after
{Heap after GC invocations=23 (full 0):
 garbage-first heap   total 86016K, used 50665K [0x0000000080000000, 0x0000000100000000)
  region size 1024K, 4 young (4096K), 4 survivors (4096K)
 Metaspace       used 55672K, committed 57408K, reserved 1114112K
  class space    used 8061K, committed 8896K, reserved 1048576K
}
Event: 16.376 GC heap before
{Heap before GC invocations=23 (full 0):
 garbage-first heap   total 86016K, used 75241K [0x0000000080000000, 0x0000000100000000)
  region size 1024K, 29 young (29696K), 4 survivors (4096K)
 Metaspace       used 55676K, committed 57408K, reserved 1114112K
  class space    used 8061K, committed 8896K, reserved 1048576K
}
Event: 16.379 GC heap after
{Heap after GC invocations=24 (full 0):
 garbage-first heap   total 237568K, used 51184K [0x0000000080000000, 0x0000000100000000)
  region size 1024K, 4 young (4096K), 4 survivors (4096K)
 Metaspace       used 55676K, committed 57408K, reserved 1114112K
  class space    used 8061K, committed 8896K, reserved 1048576K
}
Event: 18.260 GC heap before
{Heap before GC invocations=25 (full 0):
 garbage-first heap   total 174080K, used 161776K [0x0000000080000000, 0x0000000100000000)
  region size 1024K, 102 young (104448K), 4 survivors (4096K)
 Metaspace       used 62428K, committed 64320K, reserved 1114112K
  class space    used 8814K, committed 9792K, reserved 1048576K
}
Event: 18.269 GC heap after
{Heap after GC invocations=26 (full 0):
 garbage-first heap   total 177152K, used 71065K [0x0000000080000000, 0x0000000100000000)
  region size 1024K, 13 young (13312K), 13 survivors (13312K)
 Metaspace       used 62428K, committed 64320K, reserved 1114112K
  class space    used 8814K, committed 9792K, reserved 1048576K
}
Event: 20.030 GC heap before
{Heap before GC invocations=26 (full 0):
 garbage-first heap   total 177152K, used 161177K [0x0000000080000000, 0x0000000100000000)
  region size 1024K, 96 young (98304K), 13 survivors (13312K)
 Metaspace       used 69330K, committed 71360K, reserved 1114112K
  class space    used 9771K, committed 10752K, reserved 1048576K
}
Event: 20.042 GC heap after
{Heap after GC invocations=27 (full 0):
 garbage-first heap   total 182272K, used 76419K [0x0000000080000000, 0x0000000100000000)
  region size 1024K, 8 young (8192K), 8 survivors (8192K)
 Metaspace       used 69330K, committed 71360K, reserved 1114112K
  class space    used 9771K, committed 10752K, reserved 1048576K
}
Event: 22.025 GC heap before
{Heap before GC invocations=27 (full 0):
 garbage-first heap   total 182272K, used 159363K [0x0000000080000000, 0x0000000100000000)
  region size 1024K, 89 young (91136K), 8 survivors (8192K)
 Metaspace       used 76741K, committed 78720K, reserved 1179648K
  class space    used 10765K, committed 11776K, reserved 1048576K
}
Event: 22.034 GC heap after
{Heap after GC invocations=28 (full 0):
 garbage-first heap   total 182272K, used 79610K [0x0000000080000000, 0x0000000100000000)
  region size 1024K, 4 young (4096K), 4 survivors (4096K)
 Metaspace       used 76741K, committed 78720K, reserved 1179648K
  class space    used 10765K, committed 11776K, reserved 1048576K
}
Event: 23.340 GC heap before
{Heap before GC invocations=29 (full 0):
 garbage-first heap   total 182272K, used 161530K [0x0000000080000000, 0x0000000100000000)
  region size 1024K, 84 young (86016K), 4 survivors (4096K)
 Metaspace       used 79694K, committed 81856K, reserved 1179648K
  class space    used 11203K, committed 12288K, reserved 1048576K
}
Event: 23.351 GC heap after
{Heap after GC invocations=30 (full 0):
 garbage-first heap   total 182272K, used 85560K [0x0000000080000000, 0x0000000100000000)
  region size 1024K, 10 young (10240K), 10 survivors (10240K)
 Metaspace       used 79694K, committed 81856K, reserved 1179648K
  class space    used 11203K, committed 12288K, reserved 1048576K
}
Event: 24.787 GC heap before
{Heap before GC invocations=30 (full 0):
 garbage-first heap   total 182272K, used 163384K [0x0000000080000000, 0x0000000100000000)
  region size 1024K, 85 young (87040K), 10 survivors (10240K)
 Metaspace       used 85377K, committed 87488K, reserved 1179648K
  class space    used 11982K, committed 13056K, reserved 1048576K
}
Event: 24.801 GC heap after
{Heap after GC invocations=31 (full 0):
 garbage-first heap   total 182272K, used 86932K [0x0000000080000000, 0x0000000100000000)
  region size 1024K, 4 young (4096K), 4 survivors (4096K)
 Metaspace       used 85377K, committed 87488K, reserved 1179648K
  class space    used 11982K, committed 13056K, reserved 1048576K
}
Event: 27.265 GC heap before
{Heap before GC invocations=31 (full 0):
 garbage-first heap   total 182272K, used 164756K [0x0000000080000000, 0x0000000100000000)
  region size 1024K, 80 young (81920K), 4 survivors (4096K)
 Metaspace       used 91072K, committed 93248K, reserved 1179648K
  class space    used 12911K, committed 14016K, reserved 1048576K
}
Event: 27.273 GC heap after
{Heap after GC invocations=32 (full 0):
 garbage-first heap   total 182272K, used 89737K [0x0000000080000000, 0x0000000100000000)
  region size 1024K, 7 young (7168K), 7 survivors (7168K)
 Metaspace       used 91072K, committed 93248K, reserved 1179648K
  class space    used 12911K, committed 14016K, reserved 1048576K
}

