# JRE version: OpenJDK Runtime Environment (21.0.7) (build 21.0.7+-13880790-b1038.58)
# Java VM: OpenJDK 64-Bit Server VM (21.0.7+-13880790-b1038.58, mixed mode, tiered, compressed oops, compressed class ptrs, g1 gc, windows-amd64)
GC Precious Log:
 CardTable entry size: 512
 Card Set container configuration: InlinePtr #cards 5 size 8 Array Of Cards #cards 12 size 40 Howl #buckets 4 coarsen threshold 1843 Howl Bitmap #cards 512 size 80 coarsen threshold 460 Card regions per heap region 1 cards per card region 2048
 CPUs: 8 total, 8 available
 Memory: 24314M
 Large Page Support: Disabled
 NUMA Support: Disabled
 Compressed Oops: Enabled (32-bit)
 Heap Region Size: 1M
 Heap Min Capacity: 8M
 Heap Initial Capacity: 380M
 Heap Max Capacity: 2G
 Pre-touch: Disabled
 Parallel Workers: 8
 Concurrent Workers: 2
 Concurrent Refinement Workers: 8
 Periodic GC: Disabled
Heap:
 garbage-first heap   total 552960K, used 442224K [0x0000000080000000, 0x0000000100000000)
  region size 1024K, 257 young (263168K), 33 survivors (33792K)
 Metaspace       used 230498K, committed 233216K, reserved 1376256K
  class space    used 27812K, committed 29760K, reserved 1048576K
GC Heap History (20 events):
Event: 231.661 GC heap after
{Heap after GC invocations=101 (full 0):
 garbage-first heap   total 851968K, used 328505K [0x0000000080000000, 0x0000000100000000)
  region size 1024K, 12 young (12288K), 12 survivors (12288K)
 Metaspace       used 291289K, committed 293696K, reserved 1310720K
  class space    used 35460K, committed 36672K, reserved 1048576K
}
Event: 2113.957 GC heap before
{Heap before GC invocations=101 (full 0):
 garbage-first heap   total 851968K, used 849721K [0x0000000080000000, 0x0000000100000000)
  region size 1024K, 441 young (451584K), 12 survivors (12288K)
 Metaspace       used 291765K, committed 294208K, reserved 1310720K
  class space    used 35483K, committed 36736K, reserved 1048576K
}
Event: 2114.008 GC heap after
{Heap after GC invocations=102 (full 0):
 garbage-first heap   total 904192K, used 324091K [0x0000000080000000, 0x0000000100000000)
  region size 1024K, 38 young (38912K), 38 survivors (38912K)
 Metaspace       used 291765K, committed 294208K, reserved 1310720K
  class space    used 35483K, committed 36736K, reserved 1048576K
}
Event: 2114.205 GC heap before
{Heap before GC invocations=102 (full 0):
 garbage-first heap   total 904192K, used 355835K [0x0000000080000000, 0x0000000100000000)
  region size 1024K, 71 young (72704K), 38 survivors (38912K)
 Metaspace       used 291815K, committed 294272K, reserved 1310720K
  class space    used 35483K, committed 36736K, reserved 1048576K
}
Event: 2114.229 GC heap after
{Heap after GC invocations=103 (full 0):
 garbage-first heap   total 904192K, used 332800K [0x0000000080000000, 0x0000000100000000)
  region size 1024K, 42 young (43008K), 42 survivors (43008K)
 Metaspace       used 291815K, committed 294272K, reserved 1310720K
  class space    used 35483K, committed 36736K, reserved 1048576K
}
Event: 2121.020 GC heap before
{Heap before GC invocations=104 (full 0):
 garbage-first heap   total 904192K, used 806912K [0x0000000080000000, 0x0000000100000000)
  region size 1024K, 513 young (525312K), 42 survivors (43008K)
 Metaspace       used 291560K, committed 293888K, reserved 1310720K
  class space    used 35031K, committed 36608K, reserved 1048576K
}
Event: 2121.053 GC heap after
{Heap after GC invocations=105 (full 0):
 garbage-first heap   total 904192K, used 323558K [0x0000000080000000, 0x0000000100000000)
  region size 1024K, 65 young (66560K), 65 survivors (66560K)
 Metaspace       used 291560K, committed 293888K, reserved 1310720K
  class space    used 35031K, committed 36608K, reserved 1048576K
}
Event: 2123.955 GC heap before
{Heap before GC invocations=105 (full 0):
 garbage-first heap   total 904192K, used 789478K [0x0000000080000000, 0x0000000100000000)
  region size 1024K, 511 young (523264K), 65 survivors (66560K)
 Metaspace       used 304112K, committed 305728K, reserved 1376256K
  class space    used 36721K, committed 37504K, reserved 1048576K
}
Event: 2124.001 GC heap after
{Heap after GC invocations=106 (full 0):
 garbage-first heap   total 904192K, used 311762K [0x0000000080000000, 0x0000000100000000)
  region size 1024K, 40 young (40960K), 40 survivors (40960K)
 Metaspace       used 304112K, committed 305728K, reserved 1376256K
  class space    used 36721K, committed 37504K, reserved 1048576K
}
Event: 2124.494 GC heap before
{Heap before GC invocations=106 (full 0):
 garbage-first heap   total 904192K, used 446930K [0x0000000080000000, 0x0000000100000000)
  region size 1024K, 173 young (177152K), 40 survivors (40960K)
 Metaspace       used 304201K, committed 305792K, reserved 1376256K
  class space    used 36721K, committed 37504K, reserved 1048576K
}
Event: 2124.507 GC heap after
{Heap after GC invocations=107 (full 0):
 garbage-first heap   total 904192K, used 315904K [0x0000000080000000, 0x0000000100000000)
  region size 1024K, 9 young (9216K), 9 survivors (9216K)
 Metaspace       used 304201K, committed 305792K, reserved 1376256K
  class space    used 36721K, committed 37504K, reserved 1048576K
}
Event: 2127.164 GC heap before
{Heap before GC invocations=108 (full 0):
 garbage-first heap   total 904192K, used 794112K [0x0000000080000000, 0x0000000100000000)
  region size 1024K, 474 young (485376K), 9 survivors (9216K)
 Metaspace       used 292281K, committed 293824K, reserved 1376256K
  class space    used 35353K, committed 36160K, reserved 1048576K
}
Event: 2127.174 GC heap after
{Heap after GC invocations=109 (full 0):
 garbage-first heap   total 904192K, used 318640K [0x0000000080000000, 0x0000000100000000)
  region size 1024K, 15 young (15360K), 15 survivors (15360K)
 Metaspace       used 292281K, committed 293824K, reserved 1376256K
  class space    used 35353K, committed 36160K, reserved 1048576K
}
Event: 5724.805 GC heap before
{Heap before GC invocations=109 (full 0):
 garbage-first heap   total 904192K, used 686256K [0x0000000080000000, 0x0000000100000000)
  region size 1024K, 302 young (309248K), 15 survivors (15360K)
 Metaspace       used 292558K, committed 294080K, reserved 1376256K
  class space    used 35378K, committed 36160K, reserved 1048576K
}
Event: 5725.832 GC heap after
{Heap after GC invocations=110 (full 1):
 garbage-first heap   total 508928K, used 148093K [0x0000000080000000, 0x0000000100000000)
  region size 1024K, 0 young (0K), 0 survivors (0K)
 Metaspace       used 253728K, committed 258816K, reserved 1376256K
  class space    used 30798K, committed 32256K, reserved 1048576K
}
Event: 9021.569 GC heap before
{Heap before GC invocations=110 (full 1):
 garbage-first heap   total 508928K, used 381565K [0x0000000080000000, 0x0000000100000000)
  region size 1024K, 230 young (235520K), 0 survivors (0K)
 Metaspace       used 255698K, committed 259008K, reserved 1376256K
  class space    used 31108K, committed 32320K, reserved 1048576K
}
Event: 9021.587 GC heap after
{Heap after GC invocations=111 (full 1):
 garbage-first heap   total 508928K, used 165501K [0x0000000080000000, 0x0000000100000000)
  region size 1024K, 17 young (17408K), 17 survivors (17408K)
 Metaspace       used 255698K, committed 259008K, reserved 1376256K
  class space    used 31108K, committed 32320K, reserved 1048576K
}
Event: 9027.228 GC heap before
{Heap before GC invocations=112 (full 1):
 garbage-first heap   total 508928K, used 439933K [0x0000000080000000, 0x0000000100000000)
  region size 1024K, 285 young (291840K), 17 survivors (17408K)
 Metaspace       used 223487K, committed 229504K, reserved 1376256K
  class space    used 27062K, committed 29760K, reserved 1048576K
}
Event: 9027.260 GC heap after
{Heap after GC invocations=113 (full 1):
 garbage-first heap   total 508928K, used 200560K [0x0000000080000000, 0x0000000100000000)
  region size 1024K, 36 young (36864K), 36 survivors (36864K)
 Metaspace       used 223487K, committed 229504K, reserved 1376256K
  class space    used 27062K, committed 29760K, reserved 1048576K
}
Event: 9028.880 GC heap before
{Heap before GC invocations=113 (full 1):
 garbage-first heap   total 508928K, used 441200K [0x0000000080000000, 0x0000000100000000)
  region size 1024K, 260 young (266240K), 36 survivors (36864K)
 Metaspace       used 230498K, committed 233216K, reserved 1376256K
  class space    used 27812K, committed 29760K, reserved 1048576K
}

