# JRE version: OpenJDK Runtime Environment (21.0.7) (build 21.0.7+-13880790-b1038.58)
# Java VM: OpenJDK 64-Bit Server VM (21.0.7+-13880790-b1038.58, mixed mode, tiered, compressed oops, compressed class ptrs, g1 gc, windows-amd64)
GC Precious Log:
 CardTable entry size: 512
 Card Set container configuration: InlinePtr #cards 5 size 8 Array Of Cards #cards 12 size 40 Howl #buckets 4 coarsen threshold 1843 Howl Bitmap #cards 512 size 80 coarsen threshold 460 Card regions per heap region 1 cards per card region 2048
 CPUs: 8 total, 8 available
 Memory: 24314M
 Large Page Support: Disabled
 NUMA Support: Disabled
 Compressed Oops: Enabled (32-bit)
 Heap Region Size: 1M
 Heap Min Capacity: 8M
 Heap Initial Capacity: 380M
 Heap Max Capacity: 2G
 Pre-touch: Disabled
 Parallel Workers: 8
 Concurrent Workers: 2
 Concurrent Refinement Workers: 8
 Periodic GC: Disabled
Heap:
 garbage-first heap   total 380928K, used 269345K [0x0000000080000000, 0x0000000100000000)
  region size 1024K, 29 young (29696K), 7 survivors (7168K)
 Metaspace       used 113233K, committed 115072K, reserved 1179648K
  class space    used 14447K, committed 15424K, reserved 1048576K
GC Heap History (20 events):
Event: 16.822 GC heap before
{Heap before GC invocations=38 (full 0):
 garbage-first heap   total 265216K, used 223441K [0x0000000080000000, 0x0000000100000000)
  region size 1024K, 66 young (67584K), 2 survivors (2048K)
 Metaspace       used 101164K, committed 102976K, reserved 1179648K
  class space    used 12993K, committed 13952K, reserved 1048576K
}
Event: 16.828 GC heap after
{Heap after GC invocations=39 (full 0):
 garbage-first heap   total 265216K, used 160865K [0x0000000080000000, 0x0000000100000000)
  region size 1024K, 5 young (5120K), 5 survivors (5120K)
 Metaspace       used 101164K, committed 102976K, reserved 1179648K
  class space    used 12993K, committed 13952K, reserved 1048576K
}
Event: 17.832 GC heap before
{Heap before GC invocations=39 (full 0):
 garbage-first heap   total 265216K, used 242785K [0x0000000080000000, 0x0000000100000000)
  region size 1024K, 85 young (87040K), 5 survivors (5120K)
 Metaspace       used 104539K, committed 106368K, reserved 1179648K
  class space    used 13384K, committed 14336K, reserved 1048576K
}
Event: 17.847 GC heap after
{Heap after GC invocations=40 (full 0):
 garbage-first heap   total 278528K, used 187195K [0x0000000080000000, 0x0000000100000000)
  region size 1024K, 11 young (11264K), 11 survivors (11264K)
 Metaspace       used 104539K, committed 106368K, reserved 1179648K
  class space    used 13384K, committed 14336K, reserved 1048576K
}
Event: 18.061 GC heap before
{Heap before GC invocations=40 (full 0):
 garbage-first heap   total 278528K, used 214843K [0x0000000080000000, 0x0000000100000000)
  region size 1024K, 39 young (39936K), 11 survivors (11264K)
 Metaspace       used 104541K, committed 106368K, reserved 1179648K
  class space    used 13384K, committed 14336K, reserved 1048576K
}
Event: 18.085 GC heap after
{Heap after GC invocations=41 (full 0):
 garbage-first heap   total 278528K, used 215476K [0x0000000080000000, 0x0000000100000000)
  region size 1024K, 8 young (8192K), 8 survivors (8192K)
 Metaspace       used 104541K, committed 106368K, reserved 1179648K
  class space    used 13384K, committed 14336K, reserved 1048576K
}
Event: 18.859 GC heap before
{Heap before GC invocations=42 (full 0):
 garbage-first heap   total 362496K, used 239028K [0x0000000080000000, 0x0000000100000000)
  region size 1024K, 30 young (30720K), 8 survivors (8192K)
 Metaspace       used 106490K, committed 108288K, reserved 1179648K
  class space    used 13667K, committed 14592K, reserved 1048576K
}
Event: 18.866 GC heap after
{Heap after GC invocations=43 (full 0):
 garbage-first heap   total 362496K, used 221042K [0x0000000080000000, 0x0000000100000000)
  region size 1024K, 3 young (3072K), 3 survivors (3072K)
 Metaspace       used 106490K, committed 108288K, reserved 1179648K
  class space    used 13667K, committed 14592K, reserved 1048576K
}
Event: 20.047 GC heap before
{Heap before GC invocations=43 (full 0):
 garbage-first heap   total 362496K, used 280434K [0x0000000080000000, 0x0000000100000000)
  region size 1024K, 61 young (62464K), 3 survivors (3072K)
 Metaspace       used 110521K, committed 112384K, reserved 1179648K
  class space    used 14184K, committed 15168K, reserved 1048576K
}
Event: 20.055 GC heap after
{Heap after GC invocations=44 (full 0):
 garbage-first heap   total 362496K, used 222230K [0x0000000080000000, 0x0000000100000000)
  region size 1024K, 6 young (6144K), 6 survivors (6144K)
 Metaspace       used 110521K, committed 112384K, reserved 1179648K
  class space    used 14184K, committed 15168K, reserved 1048576K
}
Event: 20.752 GC heap before
{Heap before GC invocations=44 (full 0):
 garbage-first heap   total 362496K, used 287766K [0x0000000080000000, 0x0000000100000000)
  region size 1024K, 70 young (71680K), 6 survivors (6144K)
 Metaspace       used 110916K, committed 112704K, reserved 1179648K
  class space    used 14209K, committed 15168K, reserved 1048576K
}
Event: 20.761 GC heap after
{Heap after GC invocations=45 (full 0):
 garbage-first heap   total 362496K, used 225928K [0x0000000080000000, 0x0000000100000000)
  region size 1024K, 7 young (7168K), 7 survivors (7168K)
 Metaspace       used 110916K, committed 112704K, reserved 1179648K
  class space    used 14209K, committed 15168K, reserved 1048576K
}
Event: 21.683 GC heap before
{Heap before GC invocations=45 (full 0):
 garbage-first heap   total 362496K, used 296584K [0x0000000080000000, 0x0000000100000000)
  region size 1024K, 76 young (77824K), 7 survivors (7168K)
 Metaspace       used 112707K, committed 114560K, reserved 1179648K
  class space    used 14414K, committed 15360K, reserved 1048576K
}
Event: 21.691 GC heap after
{Heap after GC invocations=46 (full 0):
 garbage-first heap   total 362496K, used 227283K [0x0000000080000000, 0x0000000100000000)
  region size 1024K, 5 young (5120K), 5 survivors (5120K)
 Metaspace       used 112707K, committed 114560K, reserved 1179648K
  class space    used 14414K, committed 15360K, reserved 1048576K
}
Event: 23.499 GC heap before
{Heap before GC invocations=47 (full 0):
 garbage-first heap   total 380928K, used 304083K [0x0000000080000000, 0x0000000100000000)
  region size 1024K, 80 young (81920K), 5 survivors (5120K)
 Metaspace       used 113099K, committed 114944K, reserved 1179648K
  class space    used 14446K, committed 15424K, reserved 1048576K
}
Event: 23.511 GC heap after
{Heap after GC invocations=48 (full 0):
 garbage-first heap   total 380928K, used 232621K [0x0000000080000000, 0x0000000100000000)
  region size 1024K, 10 young (10240K), 10 survivors (10240K)
 Metaspace       used 113099K, committed 114944K, reserved 1179648K
  class space    used 14446K, committed 15424K, reserved 1048576K
}
Event: 24.266 GC heap before
{Heap before GC invocations=48 (full 0):
 garbage-first heap   total 380928K, used 322733K [0x0000000080000000, 0x0000000100000000)
  region size 1024K, 98 young (100352K), 10 survivors (10240K)
 Metaspace       used 113137K, committed 114944K, reserved 1179648K
  class space    used 14447K, committed 15424K, reserved 1048576K
}
Event: 24.296 GC heap after
{Heap after GC invocations=49 (full 0):
 garbage-first heap   total 380928K, used 241039K [0x0000000080000000, 0x0000000100000000)
  region size 1024K, 13 young (13312K), 13 survivors (13312K)
 Metaspace       used 113137K, committed 114944K, reserved 1179648K
  class space    used 14447K, committed 15424K, reserved 1048576K
}
Event: 24.878 GC heap before
{Heap before GC invocations=49 (full 0):
 garbage-first heap   total 380928K, used 329103K [0x0000000080000000, 0x0000000100000000)
  region size 1024K, 99 young (101376K), 13 survivors (13312K)
 Metaspace       used 113183K, committed 115008K, reserved 1179648K
  class space    used 14447K, committed 15424K, reserved 1048576K
}
Event: 24.907 GC heap after
{Heap after GC invocations=50 (full 0):
 garbage-first heap   total 380928K, used 247841K [0x0000000080000000, 0x0000000100000000)
  region size 1024K, 7 young (7168K), 7 survivors (7168K)
 Metaspace       used 113183K, committed 115008K, reserved 1179648K
  class space    used 14447K, committed 15424K, reserved 1048576K
}

