# JRE version: OpenJDK Runtime Environment (21.0.7) (build 21.0.7+-13880790-b1038.58)
# Java VM: OpenJDK 64-Bit Server VM (21.0.7+-13880790-b1038.58, mixed mode, tiered, compressed oops, compressed class ptrs, g1 gc, windows-amd64)
GC Precious Log:
 CardTable entry size: 512
 Card Set container configuration: InlinePtr #cards 5 size 8 Array Of Cards #cards 12 size 40 Howl #buckets 4 coarsen threshold 1843 Howl Bitmap #cards 512 size 80 coarsen threshold 460 Card regions per heap region 1 cards per card region 2048
 CPUs: 8 total, 8 available
 Memory: 24314M
 Large Page Support: Disabled
 NUMA Support: Disabled
 Compressed Oops: Enabled (32-bit)
 Heap Region Size: 1M
 Heap Min Capacity: 8M
 Heap Initial Capacity: 380M
 Heap Max Capacity: 2G
 Pre-touch: Disabled
 Parallel Workers: 8
 Concurrent Workers: 2
 Concurrent Refinement Workers: 8
 Periodic GC: Disabled
Heap:
 garbage-first heap   total 396288K, used 303616K [0x0000000080000000, 0x0000000100000000)
  region size 1024K, 14 young (14336K), 14 survivors (14336K)
 Metaspace       used 113234K, committed 115072K, reserved 1179648K
  class space    used 14452K, committed 15424K, reserved 1048576K
GC Heap History (20 events):
Event: 15.325 GC heap after
{Heap after GC invocations=37 (full 0):
 garbage-first heap   total 268288K, used 163433K [0x0000000080000000, 0x0000000100000000)
  region size 1024K, 5 young (5120K), 5 survivors (5120K)
 Metaspace       used 101145K, committed 102976K, reserved 1179648K
  class space    used 12997K, committed 13952K, reserved 1048576K
}
Event: 16.172 GC heap before
{Heap before GC invocations=37 (full 0):
 garbage-first heap   total 268288K, used 245353K [0x0000000080000000, 0x0000000100000000)
  region size 1024K, 85 young (87040K), 5 survivors (5120K)
 Metaspace       used 104520K, committed 106368K, reserved 1179648K
  class space    used 13390K, committed 14336K, reserved 1048576K
}
Event: 16.189 GC heap after
{Heap after GC invocations=38 (full 0):
 garbage-first heap   total 282624K, used 190177K [0x0000000080000000, 0x0000000100000000)
  region size 1024K, 11 young (11264K), 11 survivors (11264K)
 Metaspace       used 104520K, committed 106368K, reserved 1179648K
  class space    used 13390K, committed 14336K, reserved 1048576K
}
Event: 16.322 GC heap before
{Heap before GC invocations=38 (full 0):
 garbage-first heap   total 282624K, used 216801K [0x0000000080000000, 0x0000000100000000)
  region size 1024K, 38 young (38912K), 11 survivors (11264K)
 Metaspace       used 104522K, committed 106368K, reserved 1179648K
  class space    used 13390K, committed 14336K, reserved 1048576K
}
Event: 16.345 GC heap after
{Heap after GC invocations=39 (full 0):
 garbage-first heap   total 339968K, used 217088K [0x0000000080000000, 0x0000000100000000)
  region size 1024K, 8 young (8192K), 8 survivors (8192K)
 Metaspace       used 104522K, committed 106368K, reserved 1179648K
  class space    used 13390K, committed 14336K, reserved 1048576K
}
Event: 17.054 GC heap before
{Heap before GC invocations=39 (full 0):
 garbage-first heap   total 339968K, used 266240K [0x0000000080000000, 0x0000000100000000)
  region size 1024K, 55 young (56320K), 8 survivors (8192K)
 Metaspace       used 109757K, committed 111616K, reserved 1179648K
  class space    used 14072K, committed 15040K, reserved 1048576K
}
Event: 17.060 GC heap after
{Heap after GC invocations=40 (full 0):
 garbage-first heap   total 339968K, used 224468K [0x0000000080000000, 0x0000000100000000)
  region size 1024K, 5 young (5120K), 5 survivors (5120K)
 Metaspace       used 109757K, committed 111616K, reserved 1179648K
  class space    used 14072K, committed 15040K, reserved 1048576K
}
Event: 17.299 GC heap before
{Heap before GC invocations=40 (full 0):
 garbage-first heap   total 339968K, used 274644K [0x0000000080000000, 0x0000000100000000)
  region size 1024K, 54 young (55296K), 5 survivors (5120K)
 Metaspace       used 110531K, committed 112384K, reserved 1179648K
  class space    used 14189K, committed 15168K, reserved 1048576K
}
Event: 17.304 GC heap after
{Heap after GC invocations=41 (full 0):
 garbage-first heap   total 339968K, used 226072K [0x0000000080000000, 0x0000000100000000)
  region size 1024K, 6 young (6144K), 6 survivors (6144K)
 Metaspace       used 110531K, committed 112384K, reserved 1179648K
  class space    used 14189K, committed 15168K, reserved 1048576K
}
Event: 17.724 GC heap before
{Heap before GC invocations=42 (full 0):
 garbage-first heap   total 377856K, used 282392K [0x0000000080000000, 0x0000000100000000)
  region size 1024K, 61 young (62464K), 6 survivors (6144K)
 Metaspace       used 111343K, committed 113152K, reserved 1179648K
  class space    used 14279K, committed 15232K, reserved 1048576K
}
Event: 17.731 GC heap after
{Heap after GC invocations=43 (full 0):
 garbage-first heap   total 377856K, used 229033K [0x0000000080000000, 0x0000000100000000)
  region size 1024K, 6 young (6144K), 6 survivors (6144K)
 Metaspace       used 111343K, committed 113152K, reserved 1179648K
  class space    used 14279K, committed 15232K, reserved 1048576K
}
Event: 18.717 GC heap before
{Heap before GC invocations=43 (full 0):
 garbage-first heap   total 377856K, used 309929K [0x0000000080000000, 0x0000000100000000)
  region size 1024K, 85 young (87040K), 6 survivors (6144K)
 Metaspace       used 112724K, committed 114560K, reserved 1179648K
  class space    used 14417K, committed 15360K, reserved 1048576K
}
Event: 18.724 GC heap after
{Heap after GC invocations=44 (full 0):
 garbage-first heap   total 377856K, used 227176K [0x0000000080000000, 0x0000000100000000)
  region size 1024K, 7 young (7168K), 7 survivors (7168K)
 Metaspace       used 112724K, committed 114560K, reserved 1179648K
  class space    used 14417K, committed 15360K, reserved 1048576K
}
Event: 19.729 GC heap before
{Heap before GC invocations=44 (full 0):
 garbage-first heap   total 377856K, used 316264K [0x0000000080000000, 0x0000000100000000)
  region size 1024K, 94 young (96256K), 7 survivors (7168K)
 Metaspace       used 113071K, committed 114880K, reserved 1179648K
  class space    used 14449K, committed 15424K, reserved 1048576K
}
Event: 19.742 GC heap after
{Heap after GC invocations=45 (full 0):
 garbage-first heap   total 377856K, used 237105K [0x0000000080000000, 0x0000000100000000)
  region size 1024K, 12 young (12288K), 12 survivors (12288K)
 Metaspace       used 113071K, committed 114880K, reserved 1179648K
  class space    used 14449K, committed 15424K, reserved 1048576K
}
Event: 20.393 GC heap before
{Heap before GC invocations=46 (full 0):
 garbage-first heap   total 396288K, used 324145K [0x0000000080000000, 0x0000000100000000)
  region size 1024K, 97 young (99328K), 12 survivors (12288K)
 Metaspace       used 113088K, committed 114944K, reserved 1179648K
  class space    used 14450K, committed 15424K, reserved 1048576K
}
Event: 20.422 GC heap after
{Heap after GC invocations=47 (full 0):
 garbage-first heap   total 396288K, used 247921K [0x0000000080000000, 0x0000000100000000)
  region size 1024K, 11 young (11264K), 11 survivors (11264K)
 Metaspace       used 113088K, committed 114944K, reserved 1179648K
  class space    used 14450K, committed 15424K, reserved 1048576K
}
Event: 21.072 GC heap before
{Heap before GC invocations=47 (full 0):
 garbage-first heap   total 396288K, used 343153K [0x0000000080000000, 0x0000000100000000)
  region size 1024K, 104 young (106496K), 11 survivors (11264K)
 Metaspace       used 113215K, committed 115008K, reserved 1179648K
  class space    used 14451K, committed 15424K, reserved 1048576K
}
Event: 21.092 GC heap after
{Heap after GC invocations=48 (full 0):
 garbage-first heap   total 396288K, used 247987K [0x0000000080000000, 0x0000000100000000)
  region size 1024K, 6 young (6144K), 6 survivors (6144K)
 Metaspace       used 113215K, committed 115008K, reserved 1179648K
  class space    used 14451K, committed 15424K, reserved 1048576K
}
Event: 21.372 GC heap before
{Heap before GC invocations=48 (full 0):
 garbage-first heap   total 396288K, used 308403K [0x0000000080000000, 0x0000000100000000)
  region size 1024K, 66 young (67584K), 6 survivors (6144K)
 Metaspace       used 113234K, committed 115072K, reserved 1179648K
  class space    used 14452K, committed 15424K, reserved 1048576K
}

